[debug] [2024-09-19T13:46:13.760Z] ----------------------------------------------------------------------
[debug] [2024-09-19T13:46:13.764Z] Command:       C:\Program Files\nodejs\node.exe C:\Users\Student\AppData\Roaming\npm\node_modules\firebase-tools\lib\bin\firebase.js init
[debug] [2024-09-19T13:46:13.765Z] CLI Version:   13.17.0
[debug] [2024-09-19T13:46:13.765Z] Platform:      win32
[debug] [2024-09-19T13:46:13.766Z] Node Version:  v20.16.0
[debug] [2024-09-19T13:46:13.766Z] Time:          Thu Sep 19 2024 15:46:13 GMT+0200 (South Africa Standard Time)
[debug] [2024-09-19T13:46:13.766Z] ----------------------------------------------------------------------
[debug] 
[debug] [2024-09-19T13:46:13.878Z] > command requires scopes: ["email","openid","https://www.googleapis.com/auth/cloudplatformprojects.readonly","https://www.googleapis.com/auth/firebase","https://www.googleapis.com/auth/cloud-platform"]
[debug] [2024-09-19T13:46:13.879Z] > authorizing via signed-in user (lamlanomnganga9@gmail.com)
[info] 
     ######## #### ########  ######## ########     ###     ######  ########
     ##        ##  ##     ## ##       ##     ##  ##   ##  ##       ##
     ######    ##  ########  ######   ########  #########  ######  ######
     ##        ##  ##    ##  ##       ##     ## ##     ##       ## ##
     ##       #### ##     ## ######## ########  ##     ##  ######  ########

You're about to initialize a Firebase project in this directory:

  C:\Users\Student\Documents\vue_workshop\lamlankosiportfolio

Before we get started, keep in mind:

  * You are initializing within an existing Firebase project directory

[info] 
=== Project Setup
[info] 
[info] First, let's associate this project directory with a Firebase project.
[info] You can create multiple project aliases by running firebase use --add, 
[info] but for now we'll just set up a default project.
[info] 
[debug] [2024-09-19T13:46:22.878Z] Using project from CLI flag: lamlankosiportfolio
[debug] [2024-09-19T13:46:22.882Z] >>> [apiv2][query] GET https://firebase.googleapis.com/v1beta1/projects/lamlankosiportfolio [none]
[debug] [2024-09-19T13:46:23.553Z] <<< [apiv2][status] GET https://firebase.googleapis.com/v1beta1/projects/lamlankosiportfolio 200
[debug] [2024-09-19T13:46:23.553Z] <<< [apiv2][body] GET https://firebase.googleapis.com/v1beta1/projects/lamlankosiportfolio {"projectId":"lamlankosiportfolio","projectNumber":"42960104303","displayName":"lamlankosiportfolio","name":"projects/lamlankosiportfolio","resources":{"hostingSite":"lamlankosiportfolio"},"state":"ACTIVE","etag":"1_af5f4b35-6a68-473b-8764-95067d1db4cf"}
[info] i  Using project lamlankosiportfolio (lamlankosiportfolio) 
[info] 
=== Hosting Setup
[debug] [2024-09-19T13:46:23.572Z] >>> [apiv2][query] GET https://firebase.googleapis.com/v1beta1/projects/lamlankosiportfolio [none]
[debug] [2024-09-19T13:46:23.909Z] <<< [apiv2][status] GET https://firebase.googleapis.com/v1beta1/projects/lamlankosiportfolio 200
[debug] [2024-09-19T13:46:23.909Z] <<< [apiv2][body] GET https://firebase.googleapis.com/v1beta1/projects/lamlankosiportfolio {"projectId":"lamlankosiportfolio","projectNumber":"42960104303","displayName":"lamlankosiportfolio","name":"projects/lamlankosiportfolio","resources":{"hostingSite":"lamlankosiportfolio"},"state":"ACTIVE","etag":"1_af5f4b35-6a68-473b-8764-95067d1db4cf"}
[info] 
[info] Your public directory is the folder (relative to your project directory) that
[info] will contain Hosting assets to be uploaded with firebase deploy. If you
[info] have a build process for your assets, use your build's output directory.
[info] 
